<!doctype html>
<html lang="en"><head><meta charSet="utf-8"/><meta http-equiv="X-UA-Compatible" content="IE=edge"/><meta name="viewport" content="width=device-width, initial-scale=1"/><title>index.html</title><link rel="stylesheet" href="assets/app.css"/></head><body data-raw="{&quot;stats&quot;:{&quot;suites&quot;:1,&quot;tests&quot;:13,&quot;passes&quot;:3,&quot;pending&quot;:0,&quot;failures&quot;:10,&quot;start&quot;:&quot;2021-03-05T00:39:53.099Z&quot;,&quot;end&quot;:&quot;2021-03-05T00:41:10.442Z&quot;,&quot;duration&quot;:76513,&quot;testsRegistered&quot;:13,&quot;passPercent&quot;:23.076923076923077,&quot;pendingPercent&quot;:0,&quot;other&quot;:0,&quot;hasOther&quot;:false,&quot;skipped&quot;:0,&quot;hasSkipped&quot;:false},&quot;results&quot;:[{&quot;uuid&quot;:&quot;c65adc5f-7cc8-4fb5-a1ee-5652a4a960d5&quot;,&quot;title&quot;:&quot;&quot;,&quot;fullFile&quot;:&quot;cypress/integration/login.feature&quot;,&quot;file&quot;:&quot;cypress/integration/login.feature&quot;,&quot;beforeHooks&quot;:[],&quot;afterHooks&quot;:[],&quot;tests&quot;:[],&quot;suites&quot;:[{&quot;uuid&quot;:&quot;daff208a-9764-422a-a17e-72ecca8d82d3&quot;,&quot;title&quot;:&quot;Login Functionality&quot;,&quot;fullFile&quot;:&quot;&quot;,&quot;file&quot;:&quot;&quot;,&quot;beforeHooks&quot;:[],&quot;afterHooks&quot;:[],&quot;tests&quot;:[{&quot;title&quot;:&quot;TC001 - Verify that the login screen contains email textbox elements (Part 1) (example #1)&quot;,&quot;fullTitle&quot;:&quot;Login Functionality TC001 - Verify that the login screen contains email textbox elements (Part 1) (example #1)&quot;,&quot;timedOut&quot;:null,&quot;duration&quot;:3709,&quot;state&quot;:&quot;passed&quot;,&quot;speed&quot;:&quot;slow&quot;,&quot;pass&quot;:true,&quot;fail&quot;:false,&quot;pending&quot;:false,&quot;context&quot;:null,&quot;code&quot;:&quot;const state = window.testState;\nreturn cy\n  .then(() =&gt; state.onStartScenario(scenario, indexedSteps))\n  .then(() =&gt;\n    resolveAndRunBeforeHooks.call(this, scenario.tags, state.feature.name)\n  )\n  .then(() =&gt;\n    indexedSteps.forEach(step =&gt;\n      stepTest.call(this, state, step, rowData)\n    )\n  )\n  .then(() =&gt;\n    resolveAndRunAfterHooks.call(this, scenario.tags, state.feature.name)\n  )\n  .then(() =&gt; state.onFinishScenario(scenario));&quot;,&quot;err&quot;:{},&quot;uuid&quot;:&quot;e19c5d7b-3c2a-42ab-bb83-0aa749f65599&quot;,&quot;parentUUID&quot;:&quot;daff208a-9764-422a-a17e-72ecca8d82d3&quot;,&quot;isHook&quot;:false,&quot;skipped&quot;:false},{&quot;title&quot;:&quot;TC001 - Verify that the login screen contains Keep me login checkbox elements (Part 1) (example #2)&quot;,&quot;fullTitle&quot;:&quot;Login Functionality TC001 - Verify that the login screen contains Keep me login checkbox elements (Part 1) (example #2)&quot;,&quot;timedOut&quot;:null,&quot;duration&quot;:3336,&quot;state&quot;:&quot;passed&quot;,&quot;speed&quot;:&quot;slow&quot;,&quot;pass&quot;:true,&quot;fail&quot;:false,&quot;pending&quot;:false,&quot;context&quot;:null,&quot;code&quot;:&quot;const state = window.testState;\nreturn cy\n  .then(() =&gt; state.onStartScenario(scenario, indexedSteps))\n  .then(() =&gt;\n    resolveAndRunBeforeHooks.call(this, scenario.tags, state.feature.name)\n  )\n  .then(() =&gt;\n    indexedSteps.forEach(step =&gt;\n      stepTest.call(this, state, step, rowData)\n    )\n  )\n  .then(() =&gt;\n    resolveAndRunAfterHooks.call(this, scenario.tags, state.feature.name)\n  )\n  .then(() =&gt; state.onFinishScenario(scenario));&quot;,&quot;err&quot;:{},&quot;uuid&quot;:&quot;d40377ad-d1b4-48e8-b7e1-fda17d04fd6b&quot;,&quot;parentUUID&quot;:&quot;daff208a-9764-422a-a17e-72ecca8d82d3&quot;,&quot;isHook&quot;:false,&quot;skipped&quot;:false},{&quot;title&quot;:&quot;TC001 - Verify that the login screen contains Continue button elements (Part 1) (example #3)&quot;,&quot;fullTitle&quot;:&quot;Login Functionality TC001 - Verify that the login screen contains Continue button elements (Part 1) (example #3)&quot;,&quot;timedOut&quot;:null,&quot;duration&quot;:5296,&quot;state&quot;:&quot;failed&quot;,&quot;speed&quot;:null,&quot;pass&quot;:false,&quot;fail&quot;:true,&quot;pending&quot;:false,&quot;context&quot;:null,&quot;code&quot;:&quot;const state = window.testState;\nreturn cy\n  .then(() =&gt; state.onStartScenario(scenario, indexedSteps))\n  .then(() =&gt;\n    resolveAndRunBeforeHooks.call(this, scenario.tags, state.feature.name)\n  )\n  .then(() =&gt;\n    indexedSteps.forEach(step =&gt;\n      stepTest.call(this, state, step, rowData)\n    )\n  )\n  .then(() =&gt;\n    resolveAndRunAfterHooks.call(this, scenario.tags, state.feature.name)\n  )\n  .then(() =&gt; state.onFinishScenario(scenario));&quot;,&quot;err&quot;:{&quot;message&quot;:&quot;AssertionError: Timed out retrying after 4000ms: Expected to find element: `.sc-eAKXzc`, but never found it.&quot;,&quot;estack&quot;:&quot;AssertionError: Timed out retrying after 4000ms: Expected to find element: `.sc-eAKXzc`, but never found it.\n    at implementation (https://www.perlego.com/__cypress/tests?p=cypress/integration/login.feature:144:19)\n    at Context.eval (https://www.perlego.com/__cypress/tests?p=cypress/integration/login.feature:148:3)\n    at Context.resolveAndRunStepDefinition (https://www.perlego.com/__cypress/tests?p=cypress/integration/login.feature:10603:9)\n    at Context.eval (https://www.perlego.com/__cypress/tests?p=cypress/integration/login.feature:9945:35)&quot;,&quot;diff&quot;:null},&quot;uuid&quot;:&quot;c55f7b01-ffb2-4c76-ba0a-075f908e007d&quot;,&quot;parentUUID&quot;:&quot;daff208a-9764-422a-a17e-72ecca8d82d3&quot;,&quot;isHook&quot;:false,&quot;skipped&quot;:false},{&quot;title&quot;:&quot;TC001 - Verify that the login screen contains Create an account link elements (Part 1) (example #4)&quot;,&quot;fullTitle&quot;:&quot;Login Functionality TC001 - Verify that the login screen contains Create an account link elements (Part 1) (example #4)&quot;,&quot;timedOut&quot;:null,&quot;duration&quot;:2023,&quot;state&quot;:&quot;passed&quot;,&quot;speed&quot;:&quot;slow&quot;,&quot;pass&quot;:true,&quot;fail&quot;:false,&quot;pending&quot;:false,&quot;context&quot;:null,&quot;code&quot;:&quot;const state = window.testState;\nreturn cy\n  .then(() =&gt; state.onStartScenario(scenario, indexedSteps))\n  .then(() =&gt;\n    resolveAndRunBeforeHooks.call(this, scenario.tags, state.feature.name)\n  )\n  .then(() =&gt;\n    indexedSteps.forEach(step =&gt;\n      stepTest.call(this, state, step, rowData)\n    )\n  )\n  .then(() =&gt;\n    resolveAndRunAfterHooks.call(this, scenario.tags, state.feature.name)\n  )\n  .then(() =&gt; state.onFinishScenario(scenario));&quot;,&quot;err&quot;:{},&quot;uuid&quot;:&quot;34e1c9aa-ae49-4a59-9dc1-f2bf57130326&quot;,&quot;parentUUID&quot;:&quot;daff208a-9764-422a-a17e-72ecca8d82d3&quot;,&quot;isHook&quot;:false,&quot;skipped&quot;:false},{&quot;title&quot;:&quot;TC001 - Verify that the login screen contains Password textbox elements (Part 2) (example #1)&quot;,&quot;fullTitle&quot;:&quot;Login Functionality TC001 - Verify that the login screen contains Password textbox elements (Part 2) (example #1)&quot;,&quot;timedOut&quot;:null,&quot;duration&quot;:6945,&quot;state&quot;:&quot;failed&quot;,&quot;speed&quot;:null,&quot;pass&quot;:false,&quot;fail&quot;:true,&quot;pending&quot;:false,&quot;context&quot;:null,&quot;code&quot;:&quot;const state = window.testState;\nreturn cy\n  .then(() =&gt; state.onStartScenario(scenario, indexedSteps))\n  .then(() =&gt;\n    resolveAndRunBeforeHooks.call(this, scenario.tags, state.feature.name)\n  )\n  .then(() =&gt;\n    indexedSteps.forEach(step =&gt;\n      stepTest.call(this, state, step, rowData)\n    )\n  )\n  .then(() =&gt;\n    resolveAndRunAfterHooks.call(this, scenario.tags, state.feature.name)\n  )\n  .then(() =&gt; state.onFinishScenario(scenario));&quot;,&quot;err&quot;:{&quot;message&quot;:&quot;AssertionError: Timed out retrying after 4000ms: Expected to find element: `.sc-eAKXzc`, but never found it.&quot;,&quot;estack&quot;:&quot;AssertionError: Timed out retrying after 4000ms: Expected to find element: `.sc-eAKXzc`, but never found it.\n    at Context.eval (https://www.perlego.com/__cypress/tests?p=cypress/integration/login.feature:85:6)\n    at Context.resolveAndRunStepDefinition (https://www.perlego.com/__cypress/tests?p=cypress/integration/login.feature:10603:9)\n    at Context.eval (https://www.perlego.com/__cypress/tests?p=cypress/integration/login.feature:9945:35)&quot;,&quot;diff&quot;:null},&quot;uuid&quot;:&quot;df5d578f-75f0-4060-aeae-ed2b2de30435&quot;,&quot;parentUUID&quot;:&quot;daff208a-9764-422a-a17e-72ecca8d82d3&quot;,&quot;isHook&quot;:false,&quot;skipped&quot;:false},{&quot;title&quot;:&quot;TC001 - Verify that the login screen contains Forgot password elements (Part 2) (example #2)&quot;,&quot;fullTitle&quot;:&quot;Login Functionality TC001 - Verify that the login screen contains Forgot password elements (Part 2) (example #2)&quot;,&quot;timedOut&quot;:null,&quot;duration&quot;:7997,&quot;state&quot;:&quot;failed&quot;,&quot;speed&quot;:null,&quot;pass&quot;:false,&quot;fail&quot;:true,&quot;pending&quot;:false,&quot;context&quot;:null,&quot;code&quot;:&quot;const state = window.testState;\nreturn cy\n  .then(() =&gt; state.onStartScenario(scenario, indexedSteps))\n  .then(() =&gt;\n    resolveAndRunBeforeHooks.call(this, scenario.tags, state.feature.name)\n  )\n  .then(() =&gt;\n    indexedSteps.forEach(step =&gt;\n      stepTest.call(this, state, step, rowData)\n    )\n  )\n  .then(() =&gt;\n    resolveAndRunAfterHooks.call(this, scenario.tags, state.feature.name)\n  )\n  .then(() =&gt; state.onFinishScenario(scenario));&quot;,&quot;err&quot;:{&quot;message&quot;:&quot;AssertionError: Timed out retrying after 4000ms: Expected to find element: `.sc-eAKXzc`, but never found it.&quot;,&quot;estack&quot;:&quot;AssertionError: Timed out retrying after 4000ms: Expected to find element: `.sc-eAKXzc`, but never found it.\n    at Context.eval (https://www.perlego.com/__cypress/tests?p=cypress/integration/login.feature:85:6)\n    at Context.resolveAndRunStepDefinition (https://www.perlego.com/__cypress/tests?p=cypress/integration/login.feature:10603:9)\n    at Context.eval (https://www.perlego.com/__cypress/tests?p=cypress/integration/login.feature:9945:35)&quot;,&quot;diff&quot;:null},&quot;uuid&quot;:&quot;a2f9abbc-3018-40f3-8b7b-66006aa82f02&quot;,&quot;parentUUID&quot;:&quot;daff208a-9764-422a-a17e-72ecca8d82d3&quot;,&quot;isHook&quot;:false,&quot;skipped&quot;:false},{&quot;title&quot;:&quot;TC001 - Verify that the login screen contains Login button elements (Part 2) (example #3)&quot;,&quot;fullTitle&quot;:&quot;Login Functionality TC001 - Verify that the login screen contains Login button elements (Part 2) (example #3)&quot;,&quot;timedOut&quot;:null,&quot;duration&quot;:6726,&quot;state&quot;:&quot;failed&quot;,&quot;speed&quot;:null,&quot;pass&quot;:false,&quot;fail&quot;:true,&quot;pending&quot;:false,&quot;context&quot;:null,&quot;code&quot;:&quot;const state = window.testState;\nreturn cy\n  .then(() =&gt; state.onStartScenario(scenario, indexedSteps))\n  .then(() =&gt;\n    resolveAndRunBeforeHooks.call(this, scenario.tags, state.feature.name)\n  )\n  .then(() =&gt;\n    indexedSteps.forEach(step =&gt;\n      stepTest.call(this, state, step, rowData)\n    )\n  )\n  .then(() =&gt;\n    resolveAndRunAfterHooks.call(this, scenario.tags, state.feature.name)\n  )\n  .then(() =&gt; state.onFinishScenario(scenario));&quot;,&quot;err&quot;:{&quot;message&quot;:&quot;AssertionError: Timed out retrying after 4000ms: Expected to find element: `.sc-eAKXzc`, but never found it.&quot;,&quot;estack&quot;:&quot;AssertionError: Timed out retrying after 4000ms: Expected to find element: `.sc-eAKXzc`, but never found it.\n    at Context.eval (https://www.perlego.com/__cypress/tests?p=cypress/integration/login.feature:85:6)\n    at Context.resolveAndRunStepDefinition (https://www.perlego.com/__cypress/tests?p=cypress/integration/login.feature:10603:9)\n    at Context.eval (https://www.perlego.com/__cypress/tests?p=cypress/integration/login.feature:9945:35)&quot;,&quot;diff&quot;:null},&quot;uuid&quot;:&quot;dc8e7588-e422-4791-bc9a-683e007aeb2c&quot;,&quot;parentUUID&quot;:&quot;daff208a-9764-422a-a17e-72ecca8d82d3&quot;,&quot;isHook&quot;:false,&quot;skipped&quot;:false},{&quot;title&quot;:&quot;TC001 - Verify that the login screen contains Create an account link elements (Part 2) (example #4)&quot;,&quot;fullTitle&quot;:&quot;Login Functionality TC001 - Verify that the login screen contains Create an account link elements (Part 2) (example #4)&quot;,&quot;timedOut&quot;:null,&quot;duration&quot;:6329,&quot;state&quot;:&quot;failed&quot;,&quot;speed&quot;:null,&quot;pass&quot;:false,&quot;fail&quot;:true,&quot;pending&quot;:false,&quot;context&quot;:null,&quot;code&quot;:&quot;const state = window.testState;\nreturn cy\n  .then(() =&gt; state.onStartScenario(scenario, indexedSteps))\n  .then(() =&gt;\n    resolveAndRunBeforeHooks.call(this, scenario.tags, state.feature.name)\n  )\n  .then(() =&gt;\n    indexedSteps.forEach(step =&gt;\n      stepTest.call(this, state, step, rowData)\n    )\n  )\n  .then(() =&gt;\n    resolveAndRunAfterHooks.call(this, scenario.tags, state.feature.name)\n  )\n  .then(() =&gt; state.onFinishScenario(scenario));&quot;,&quot;err&quot;:{&quot;message&quot;:&quot;AssertionError: Timed out retrying after 4000ms: Expected to find element: `.sc-eAKXzc`, but never found it.&quot;,&quot;estack&quot;:&quot;AssertionError: Timed out retrying after 4000ms: Expected to find element: `.sc-eAKXzc`, but never found it.\n    at Context.eval (https://www.perlego.com/__cypress/tests?p=cypress/integration/login.feature:85:6)\n    at Context.resolveAndRunStepDefinition (https://www.perlego.com/__cypress/tests?p=cypress/integration/login.feature:10603:9)\n    at Context.eval (https://www.perlego.com/__cypress/tests?p=cypress/integration/login.feature:9945:35)&quot;,&quot;diff&quot;:null},&quot;uuid&quot;:&quot;e00852f1-6b7b-4bfc-9ca2-fe3c373494f6&quot;,&quot;parentUUID&quot;:&quot;daff208a-9764-422a-a17e-72ecca8d82d3&quot;,&quot;isHook&quot;:false,&quot;skipped&quot;:false},{&quot;title&quot;:&quot;TC003 - Verify if a user will be able to login with a valid username and valid password&quot;,&quot;fullTitle&quot;:&quot;Login Functionality TC003 - Verify if a user will be able to login with a valid username and valid password&quot;,&quot;timedOut&quot;:null,&quot;duration&quot;:6677,&quot;state&quot;:&quot;failed&quot;,&quot;speed&quot;:null,&quot;pass&quot;:false,&quot;fail&quot;:true,&quot;pending&quot;:false,&quot;context&quot;:null,&quot;code&quot;:&quot;const state = window.testState;\nreturn cy\n  .then(() =&gt; state.onStartScenario(scenario, indexedSteps))\n  .then(() =&gt;\n    resolveAndRunBeforeHooks.call(this, scenario.tags, state.feature.name)\n  )\n  .then(() =&gt;\n    indexedSteps.forEach(step =&gt;\n      stepTest.call(this, state, step, rowData)\n    )\n  )\n  .then(() =&gt;\n    resolveAndRunAfterHooks.call(this, scenario.tags, state.feature.name)\n  )\n  .then(() =&gt; state.onFinishScenario(scenario));&quot;,&quot;err&quot;:{&quot;message&quot;:&quot;AssertionError: Timed out retrying after 4000ms: Expected to find element: `.sc-eAKXzc`, but never found it.&quot;,&quot;estack&quot;:&quot;AssertionError: Timed out retrying after 4000ms: Expected to find element: `.sc-eAKXzc`, but never found it.\n    at Context.eval (https://www.perlego.com/__cypress/tests?p=cypress/integration/login.feature:85:6)\n    at Context.resolveAndRunStepDefinition (https://www.perlego.com/__cypress/tests?p=cypress/integration/login.feature:10603:9)\n    at Context.eval (https://www.perlego.com/__cypress/tests?p=cypress/integration/login.feature:9945:35)&quot;,&quot;diff&quot;:null},&quot;uuid&quot;:&quot;46bd3026-6e1e-4a3e-8d80-d9f6af9388ec&quot;,&quot;parentUUID&quot;:&quot;daff208a-9764-422a-a17e-72ecca8d82d3&quot;,&quot;isHook&quot;:false,&quot;skipped&quot;:false},{&quot;title&quot;:&quot;TC005,TC006 - Verify if a user will be able to login with a invalid/Empty: WrongPassword (example #1)&quot;,&quot;fullTitle&quot;:&quot;Login Functionality TC005,TC006 - Verify if a user will be able to login with a invalid/Empty: WrongPassword (example #1)&quot;,&quot;timedOut&quot;:null,&quot;duration&quot;:7824,&quot;state&quot;:&quot;failed&quot;,&quot;speed&quot;:null,&quot;pass&quot;:false,&quot;fail&quot;:true,&quot;pending&quot;:false,&quot;context&quot;:null,&quot;code&quot;:&quot;const state = window.testState;\nreturn cy\n  .then(() =&gt; state.onStartScenario(scenario, indexedSteps))\n  .then(() =&gt;\n    resolveAndRunBeforeHooks.call(this, scenario.tags, state.feature.name)\n  )\n  .then(() =&gt;\n    indexedSteps.forEach(step =&gt;\n      stepTest.call(this, state, step, rowData)\n    )\n  )\n  .then(() =&gt;\n    resolveAndRunAfterHooks.call(this, scenario.tags, state.feature.name)\n  )\n  .then(() =&gt; state.onFinishScenario(scenario));&quot;,&quot;err&quot;:{&quot;message&quot;:&quot;AssertionError: Timed out retrying after 4000ms: Expected to find element: `.sc-eAKXzc`, but never found it.&quot;,&quot;estack&quot;:&quot;AssertionError: Timed out retrying after 4000ms: Expected to find element: `.sc-eAKXzc`, but never found it.\n    at Context.eval (https://www.perlego.com/__cypress/tests?p=cypress/integration/login.feature:85:6)\n    at Context.resolveAndRunStepDefinition (https://www.perlego.com/__cypress/tests?p=cypress/integration/login.feature:10603:9)\n    at Context.eval (https://www.perlego.com/__cypress/tests?p=cypress/integration/login.feature:9945:35)&quot;,&quot;diff&quot;:null},&quot;uuid&quot;:&quot;64d08d5b-370e-4e5b-b240-6cf324baba80&quot;,&quot;parentUUID&quot;:&quot;daff208a-9764-422a-a17e-72ecca8d82d3&quot;,&quot;isHook&quot;:false,&quot;skipped&quot;:false},{&quot;title&quot;:&quot;TC005,TC006 - Verify if a user will be able to login with a invalid/Empty: NoPassword (example #2)&quot;,&quot;fullTitle&quot;:&quot;Login Functionality TC005,TC006 - Verify if a user will be able to login with a invalid/Empty: NoPassword (example #2)&quot;,&quot;timedOut&quot;:null,&quot;duration&quot;:6463,&quot;state&quot;:&quot;failed&quot;,&quot;speed&quot;:null,&quot;pass&quot;:false,&quot;fail&quot;:true,&quot;pending&quot;:false,&quot;context&quot;:null,&quot;code&quot;:&quot;const state = window.testState;\nreturn cy\n  .then(() =&gt; state.onStartScenario(scenario, indexedSteps))\n  .then(() =&gt;\n    resolveAndRunBeforeHooks.call(this, scenario.tags, state.feature.name)\n  )\n  .then(() =&gt;\n    indexedSteps.forEach(step =&gt;\n      stepTest.call(this, state, step, rowData)\n    )\n  )\n  .then(() =&gt;\n    resolveAndRunAfterHooks.call(this, scenario.tags, state.feature.name)\n  )\n  .then(() =&gt; state.onFinishScenario(scenario));&quot;,&quot;err&quot;:{&quot;message&quot;:&quot;AssertionError: Timed out retrying after 4000ms: Expected to find element: `.sc-eAKXzc`, but never found it.&quot;,&quot;estack&quot;:&quot;AssertionError: Timed out retrying after 4000ms: Expected to find element: `.sc-eAKXzc`, but never found it.\n    at Context.eval (https://www.perlego.com/__cypress/tests?p=cypress/integration/login.feature:85:6)\n    at Context.resolveAndRunStepDefinition (https://www.perlego.com/__cypress/tests?p=cypress/integration/login.feature:10603:9)\n    at Context.eval (https://www.perlego.com/__cypress/tests?p=cypress/integration/login.feature:9945:35)&quot;,&quot;diff&quot;:null},&quot;uuid&quot;:&quot;019eb67d-cbd3-49f8-81b7-d1c5cd399e05&quot;,&quot;parentUUID&quot;:&quot;daff208a-9764-422a-a17e-72ecca8d82d3&quot;,&quot;isHook&quot;:false,&quot;skipped&quot;:false},{&quot;title&quot;:&quot;TC004 - Verify if a user will be able to login with a invalid/Empty: WrongEmail (example #1)&quot;,&quot;fullTitle&quot;:&quot;Login Functionality TC004 - Verify if a user will be able to login with a invalid/Empty: WrongEmail (example #1)&quot;,&quot;timedOut&quot;:null,&quot;duration&quot;:6322,&quot;state&quot;:&quot;failed&quot;,&quot;speed&quot;:null,&quot;pass&quot;:false,&quot;fail&quot;:true,&quot;pending&quot;:false,&quot;context&quot;:null,&quot;code&quot;:&quot;const state = window.testState;\nreturn cy\n  .then(() =&gt; state.onStartScenario(scenario, indexedSteps))\n  .then(() =&gt;\n    resolveAndRunBeforeHooks.call(this, scenario.tags, state.feature.name)\n  )\n  .then(() =&gt;\n    indexedSteps.forEach(step =&gt;\n      stepTest.call(this, state, step, rowData)\n    )\n  )\n  .then(() =&gt;\n    resolveAndRunAfterHooks.call(this, scenario.tags, state.feature.name)\n  )\n  .then(() =&gt; state.onFinishScenario(scenario));&quot;,&quot;err&quot;:{&quot;message&quot;:&quot;AssertionError: Timed out retrying after 4000ms: Expected to find element: `.sc-eAKXzc`, but never found it.&quot;,&quot;estack&quot;:&quot;AssertionError: Timed out retrying after 4000ms: Expected to find element: `.sc-eAKXzc`, but never found it.\n    at Context.eval (https://www.perlego.com/__cypress/tests?p=cypress/integration/login.feature:85:6)\n    at Context.resolveAndRunStepDefinition (https://www.perlego.com/__cypress/tests?p=cypress/integration/login.feature:10603:9)\n    at Context.eval (https://www.perlego.com/__cypress/tests?p=cypress/integration/login.feature:9945:35)&quot;,&quot;diff&quot;:null},&quot;uuid&quot;:&quot;7f9093b3-6b59-4031-bfb1-a120183125ed&quot;,&quot;parentUUID&quot;:&quot;daff208a-9764-422a-a17e-72ecca8d82d3&quot;,&quot;isHook&quot;:false,&quot;skipped&quot;:false},{&quot;title&quot;:&quot;TC004 - Verify if a user will be able to login with a invalid/Empty: NoEmail (example #2)&quot;,&quot;fullTitle&quot;:&quot;Login Functionality TC004 - Verify if a user will be able to login with a invalid/Empty: NoEmail (example #2)&quot;,&quot;timedOut&quot;:null,&quot;duration&quot;:6866,&quot;state&quot;:&quot;failed&quot;,&quot;speed&quot;:null,&quot;pass&quot;:false,&quot;fail&quot;:true,&quot;pending&quot;:false,&quot;context&quot;:null,&quot;code&quot;:&quot;const state = window.testState;\nreturn cy\n  .then(() =&gt; state.onStartScenario(scenario, indexedSteps))\n  .then(() =&gt;\n    resolveAndRunBeforeHooks.call(this, scenario.tags, state.feature.name)\n  )\n  .then(() =&gt;\n    indexedSteps.forEach(step =&gt;\n      stepTest.call(this, state, step, rowData)\n    )\n  )\n  .then(() =&gt;\n    resolveAndRunAfterHooks.call(this, scenario.tags, state.feature.name)\n  )\n  .then(() =&gt; state.onFinishScenario(scenario));&quot;,&quot;err&quot;:{&quot;message&quot;:&quot;AssertionError: Timed out retrying after 4000ms: Expected to find element: `.sc-eAKXzc`, but never found it.&quot;,&quot;estack&quot;:&quot;AssertionError: Timed out retrying after 4000ms: Expected to find element: `.sc-eAKXzc`, but never found it.\n    at Context.eval (https://www.perlego.com/__cypress/tests?p=cypress/integration/login.feature:85:6)\n    at Context.resolveAndRunStepDefinition (https://www.perlego.com/__cypress/tests?p=cypress/integration/login.feature:10603:9)\n    at Context.eval (https://www.perlego.com/__cypress/tests?p=cypress/integration/login.feature:9945:35)&quot;,&quot;diff&quot;:null},&quot;uuid&quot;:&quot;cf78245d-1a2a-4473-bc3f-3995926ea8c5&quot;,&quot;parentUUID&quot;:&quot;daff208a-9764-422a-a17e-72ecca8d82d3&quot;,&quot;isHook&quot;:false,&quot;skipped&quot;:false}],&quot;suites&quot;:[],&quot;passes&quot;:[&quot;e19c5d7b-3c2a-42ab-bb83-0aa749f65599&quot;,&quot;d40377ad-d1b4-48e8-b7e1-fda17d04fd6b&quot;,&quot;34e1c9aa-ae49-4a59-9dc1-f2bf57130326&quot;],&quot;failures&quot;:[&quot;c55f7b01-ffb2-4c76-ba0a-075f908e007d&quot;,&quot;df5d578f-75f0-4060-aeae-ed2b2de30435&quot;,&quot;a2f9abbc-3018-40f3-8b7b-66006aa82f02&quot;,&quot;dc8e7588-e422-4791-bc9a-683e007aeb2c&quot;,&quot;e00852f1-6b7b-4bfc-9ca2-fe3c373494f6&quot;,&quot;46bd3026-6e1e-4a3e-8d80-d9f6af9388ec&quot;,&quot;64d08d5b-370e-4e5b-b240-6cf324baba80&quot;,&quot;019eb67d-cbd3-49f8-81b7-d1c5cd399e05&quot;,&quot;7f9093b3-6b59-4031-bfb1-a120183125ed&quot;,&quot;cf78245d-1a2a-4473-bc3f-3995926ea8c5&quot;],&quot;pending&quot;:[],&quot;skipped&quot;:[],&quot;duration&quot;:76513,&quot;root&quot;:false,&quot;rootEmpty&quot;:false,&quot;_timeout&quot;:2000}],&quot;passes&quot;:[],&quot;failures&quot;:[],&quot;pending&quot;:[],&quot;skipped&quot;:[],&quot;duration&quot;:0,&quot;root&quot;:true,&quot;rootEmpty&quot;:true,&quot;_timeout&quot;:2000}],&quot;meta&quot;:{&quot;mocha&quot;:{&quot;version&quot;:&quot;7.0.1&quot;},&quot;mochawesome&quot;:{&quot;options&quot;:{&quot;quiet&quot;:false,&quot;reportFilename&quot;:&quot;mochawesome&quot;,&quot;saveHtml&quot;:true,&quot;saveJson&quot;:true,&quot;consoleReporter&quot;:&quot;spec&quot;,&quot;useInlineDiffs&quot;:false,&quot;code&quot;:true},&quot;version&quot;:&quot;6.2.2&quot;},&quot;marge&quot;:{&quot;options&quot;:{&quot;reporterEnabled&quot;:&quot;mochawesome&quot;,&quot;mochawesomeReporterOptions&quot;:{&quot;reportDir&quot;:&quot;cypress/reports/mocha&quot;,&quot;quite&quot;:true,&quot;overwrite&quot;:false,&quot;html&quot;:false,&quot;json&quot;:true}},&quot;version&quot;:&quot;5.2.0&quot;}}}" data-config="{&quot;reportFilename&quot;:&quot;index&quot;,&quot;reportDir&quot;:&quot;public&quot;,&quot;reportTitle&quot;:&quot;amt-cypress-perlego_login_form&quot;,&quot;reportPageTitle&quot;:&quot;index.html&quot;,&quot;inline&quot;:false,&quot;inlineAssets&quot;:false,&quot;assetsDir&quot;:&quot;public/assets&quot;,&quot;cdn&quot;:false,&quot;charts&quot;:false,&quot;enableCharts&quot;:false,&quot;code&quot;:true,&quot;enableCode&quot;:true,&quot;autoOpen&quot;:false,&quot;overwrite&quot;:true,&quot;timestamp&quot;:false,&quot;ts&quot;:false,&quot;showPassed&quot;:true,&quot;showFailed&quot;:true,&quot;showPending&quot;:true,&quot;showSkipped&quot;:false,&quot;showHooks&quot;:&quot;failed&quot;,&quot;saveJson&quot;:false,&quot;saveHtml&quot;:true,&quot;dev&quot;:false,&quot;htmlFile&quot;:&quot;/__w/amt-cypress-perlego_login_form/amt-cypress-perlego_login_form/public/index.html&quot;}"><div id="report"></div><script src="assets/app.js"></script></body></html>